<?xml version="1.0" encoding="UTF-8"?>
<!-- Generated by org.testng.reporters.JUnitReportReporter -->
<testsuite skipped="0" hostname="DESKTOP-3UL8BIK" name="singh.abbey.InventorySource" tests="1" failures="0" timestamp="2020-08-12T16:57:22 IST" time="203.309" errors="0">
  <testcase name="InventorySourceCreate" time="203.309" classname="singh.abbey.InventorySource"/>
  <system-out/>
</testsuite> <!-- singh.abbey.InventorySource -->
