<?xml version="1.0" encoding="UTF-8"?>
<!-- Generated by org.testng.reporters.JUnitReportReporter -->
<testsuite skipped="0" hostname="DESKTOP-MVJT3DA" name="singh.abbey.FLXSource" tests="1" failures="0" timestamp="2021-06-02T13:03:03 IST" time="57.485" errors="0">
  <testcase name="SourceCreate" time="57.485" classname="singh.abbey.FLXSource"/>
  <system-out/>
</testsuite> <!-- singh.abbey.FLXSource -->
