<?xml version="1.0" encoding="UTF-8"?>
<!-- Generated by org.testng.reporters.JUnitReportReporter -->
<testsuite skipped="0" hostname="DESKTOP-3UL8BIK" name="singh.abbey.ShopifyIntegration" tests="1" failures="0" timestamp="2020-08-18T18:16:00 IST" time="182.618" errors="0">
  <testcase name="IntegrationChannel" time="182.618" classname="singh.abbey.ShopifyIntegration"/>
  <system-out/>
</testsuite> <!-- singh.abbey.ShopifyIntegration -->
