<?xml version="1.0" encoding="UTF-8"?>
<!-- Generated by org.testng.reporters.JUnitReportReporter -->
<testsuite skipped="0" hostname="DESKTOP-3UL8BIK" name="singh.abbey.BigcommerceIntegration" tests="1" failures="0" timestamp="2020-09-09T14:58:57 IST" time="148.795" errors="0">
  <testcase name="IntegrationChannel" time="148.795" classname="singh.abbey.BigcommerceIntegration"/>
  <system-out/>
</testsuite> <!-- singh.abbey.BigcommerceIntegration -->
