<?xml version="1.0" encoding="UTF-8"?>
<!-- Generated by org.testng.reporters.JUnitReportReporter -->
<testsuite skipped="0" hostname="DESKTOP-3UL8BIK" name="singh.abbey.WooCommerceIntegration" tests="1" failures="0" timestamp="2020-09-09T18:10:19 IST" time="149.916" errors="0">
  <testcase name="IntegrationChannel" time="149.916" classname="singh.abbey.WooCommerceIntegration"/>
  <system-out/>
</testsuite> <!-- singh.abbey.WooCommerceIntegration -->
