<?xml version="1.0" encoding="UTF-8"?>
<!-- Generated by org.testng.reporters.JUnitReportReporter -->
<testsuite hostname="DESKTOP-3UL8BIK" name="singh.abbey.FLXSource" tests="1" failures="0" timestamp="15 Aug 2020 09:46:30 GMT" time="178.386" errors="0">
  <testcase name="SourceCreate" time="178.386" classname="singh.abbey.FLXSource"/>
</testsuite> <!-- singh.abbey.FLXSource -->
